  Automotive Showroom Managment System.cpp
  Showroom.cpp
D:\UET Narowal\2nd Semester\Object Oriented Programming\Project\Automotive Showroom Managment System\Showroom.cpp(39,17): warning C4018: '<': signed/unsigned mismatch
D:\UET Narowal\2nd Semester\Object Oriented Programming\Project\Automotive Showroom Managment System\Showroom.cpp(49,17): warning C4018: '<': signed/unsigned mismatch
D:\UET Narowal\2nd Semester\Object Oriented Programming\Project\Automotive Showroom Managment System\Showroom.cpp(209,16): warning C4018: '<': signed/unsigned mismatch
D:\UET Narowal\2nd Semester\Object Oriented Programming\Project\Automotive Showroom Managment System\Showroom.cpp(274,17): warning C4018: '<': signed/unsigned mismatch
D:\UET Narowal\2nd Semester\Object Oriented Programming\Project\Automotive Showroom Managment System\Showroom.cpp(277,22): warning C4018: '<': signed/unsigned mismatch
D:\UET Narowal\2nd Semester\Object Oriented Programming\Project\Automotive Showroom Managment System\Showroom.cpp(285,17): warning C4018: '<': signed/unsigned mismatch
D:\UET Narowal\2nd Semester\Object Oriented Programming\Project\Automotive Showroom Managment System\Showroom.cpp(288,22): warning C4018: '<': signed/unsigned mismatch
D:\UET Narowal\2nd Semester\Object Oriented Programming\Project\Automotive Showroom Managment System\Showroom.cpp(467,17): warning C4018: '<': signed/unsigned mismatch
D:\UET Narowal\2nd Semester\Object Oriented Programming\Project\Automotive Showroom Managment System\Showroom.cpp(484,17): warning C4018: '<': signed/unsigned mismatch
D:\UET Narowal\2nd Semester\Object Oriented Programming\Project\Automotive Showroom Managment System\Showroom.cpp(508,18): warning C4018: '<': signed/unsigned mismatch
D:\UET Narowal\2nd Semester\Object Oriented Programming\Project\Automotive Showroom Managment System\Showroom.cpp(510,20): warning C4018: '<': signed/unsigned mismatch
D:\UET Narowal\2nd Semester\Object Oriented Programming\Project\Automotive Showroom Managment System\Showroom.cpp(535,17): warning C4018: '<': signed/unsigned mismatch
D:\UET Narowal\2nd Semester\Object Oriented Programming\Project\Automotive Showroom Managment System\Showroom.cpp(567,17): warning C4018: '<': signed/unsigned mismatch
D:\UET Narowal\2nd Semester\Object Oriented Programming\Project\Automotive Showroom Managment System\Showroom.cpp(584,17): warning C4018: '<': signed/unsigned mismatch
D:\UET Narowal\2nd Semester\Object Oriented Programming\Project\Automotive Showroom Managment System\Showroom.cpp(608,18): warning C4018: '<': signed/unsigned mismatch
D:\UET Narowal\2nd Semester\Object Oriented Programming\Project\Automotive Showroom Managment System\Showroom.cpp(610,20): warning C4018: '<': signed/unsigned mismatch
D:\UET Narowal\2nd Semester\Object Oriented Programming\Project\Automotive Showroom Managment System\Showroom.cpp(635,17): warning C4018: '<': signed/unsigned mismatch
D:\UET Narowal\2nd Semester\Object Oriented Programming\Project\Automotive Showroom Managment System\Showroom.cpp(670,17): warning C4018: '<': signed/unsigned mismatch
D:\UET Narowal\2nd Semester\Object Oriented Programming\Project\Automotive Showroom Managment System\Showroom.cpp(687,17): warning C4018: '<': signed/unsigned mismatch
D:\UET Narowal\2nd Semester\Object Oriented Programming\Project\Automotive Showroom Managment System\Showroom.cpp(723,18): warning C4018: '<': signed/unsigned mismatch
D:\UET Narowal\2nd Semester\Object Oriented Programming\Project\Automotive Showroom Managment System\Showroom.cpp(725,20): warning C4018: '<': signed/unsigned mismatch
  Generating Code...
  Automotive Showroom Managment System.vcxproj -> D:\UET Narowal\2nd Semester\Object Oriented Programming\Project\Automotive Showroom Managment System\Debug\Automotive Showroom Managment System.exe
